startup.tcl: OnStartup called
nD3D11Server::CreateDevices()
WARNING: undefined shader parameter: AlphaBlend
WARNING: undefined shader parameter: NoBlend
WARNING: undefined shader parameter: NoDepthStencil
WARNING: undefined shader parameter: Solid
WARNING: undefined shader parameter: SolidLine
WARNING: undefined shader parameter: Wireframe
WARNING: undefined shader parameter: QuadMap
WARNING: undefined shader parameter: QuadSampler
WARNING: undefined shader parameter: dssNoDepthNoStencil
WARNING: undefined shader parameter: rsCullNone
WARNING: undefined shader parameter: bsNoBlend
WARNING: undefined shader parameter: AlphaBlend
WARNING: undefined shader parameter: RectSampler
WARNING: undefined shader parameter: dssNoDepthNoStencil
WARNING: undefined shader parameter: rsCullNone
WARNING: undefined shader parameter: AlphaBlend
WARNING: undefined shader parameter: AnisotropicSampler
WARNING: undefined shader parameter: PointSampler
WARNING: undefined shader parameter: ShadowMapSampler
WARNING: undefined shader parameter: LightmapSampler
WARNING: undefined shader parameter: BumpSampler
WARNING: undefined shader parameter: ClampSampler
WARNING: undefined shader parameter: dssDepthNoStencil
WARNING: undefined shader parameter: dssDepthInvNoStencil
WARNING: undefined shader parameter: dssNoDepthNoStencil
WARNING: undefined shader parameter: dssDepthNoWriteNoStencil
WARNING: undefined shader parameter: dssDepthInvNoWriteNoStencil
WARNING: undefined shader parameter: rsCullFront
WARNING: undefined shader parameter: rsCullFrontDB
WARNING: undefined shader parameter: rsCullFrontWireframe
WARNING: undefined shader parameter: rsCullNone
WARNING: undefined shader parameter: rsCullBack
WARNING: undefined shader parameter: bsNoBlend
WARNING: undefined shader parameter: bsNoBlendRGB
WARNING: undefined shader parameter: bsAlphaBlend
WARNING: undefined shader parameter: bsAlphaBlendRGB
WARNING: undefined shader parameter: bsAlphaBlendCompose
WARNING: undefined shader parameter: bsRedOnly
WARNING: undefined shader parameter: bsNoColor
WARNING: undefined shader parameter: bsCompose
WARNING: undefined shader parameter: bsMax
Graphics::Server: Creating 8 rendering threads...
WARNING: undefined shader parameter: sLinearClamp
WARNING: undefined shader parameter: AlphaBlend
WARNING: undefined shader parameter: NoDepthStencil
WARNING: undefined shader parameter: CullState
nSQLite3Database::LoadResource: sqlite3_open( C:/Users/imilm/OneDrive/Документы/Forward Development/City Car Driving Steam/profiles.db3 ,... )
DirectInput device attached:
    ProductName: "Generic   USB  Joystick  "
    InstanceName: "Generic   USB  Joystick  "
    ProductGuid: "{00060079-0000-0000-0000-504944564944}"
    InstanceGuid: "{F6E0C3E0-7DFC-11EE-8001-444553540000}"
WARNING: undefined shader parameter: sLinearClamp
WARNING: undefined shader parameter: AlphaBlend
WARNING: undefined shader parameter: NoDepthStencil
WARNING: undefined shader parameter: CullState
LoadLuaScript: export:scripts/missions/bit.lua
LoadLuaScript: export:scripts/missions/common.lua
+loadMeshShape: 0.011340
+loadMoppCode: 0.012136
WARNING: undefined shader parameter: LightDiffuse
WARNING: invalid shader parameter in object 'Sky01'
WARNING: undefined shader parameter: LightSpecular
WARNING: invalid shader parameter in object 'Sky01'
WARNING: undefined shader parameter: LightAmbient
WARNING: invalid shader parameter in object 'Sky01'
+loadMeshShape: 0.010217
+loadMoppCode: 0.010865
+loadMeshShape: 0.017104
+loadMoppCode: 0.018626
+loadMeshShape: 0.028570
+loadMoppCode: 0.031106
WARNING: undefined shader parameter: LightDiffuse
WARNING: invalid shader parameter in object 'Omni01'
WARNING: undefined shader parameter: LightSpecular
WARNING: invalid shader parameter in object 'Omni01'
WARNING: undefined shader parameter: LightAmbient
WARNING: invalid shader parameter in object 'Omni01'
WARNING: undefined shader parameter: LightDiffuse
WARNING: invalid shader parameter in object 'Omni02'
WARNING: undefined shader parameter: LightSpecular
WARNING: invalid shader parameter in object 'Omni02'
WARNING: undefined shader parameter: LightAmbient
WARNING: invalid shader parameter in object 'Omni02'
WARNING: undefined shader parameter: LightDiffuse
WARNING: invalid shader parameter in object 'Sky01'
WARNING: undefined shader parameter: LightSpecular
WARNING: invalid shader parameter in object 'Sky01'
WARNING: undefined shader parameter: LightAmbient
WARNING: invalid shader parameter in object 'Sky01'
WARNING: undefined shader parameter: LightDiffuse
WARNING: invalid shader parameter in object 'Fspot01'
WARNING: undefined shader parameter: LightSpecular
WARNING: invalid shader parameter in object 'Fspot01'
WARNING: undefined shader parameter: LightAmbient
WARNING: invalid shader parameter in object 'Fspot01'
WARNING: undefined shader parameter: LightDiffuse
WARNING: invalid shader parameter in object 'Fspot02'
WARNING: undefined shader parameter: LightSpecular
WARNING: invalid shader parameter in object 'Fspot02'
WARNING: undefined shader parameter: LightAmbient
WARNING: invalid shader parameter in object 'Fspot02'
WARNING: undefined shader parameter: LightDiffuse
WARNING: invalid shader parameter in object 'Fspot03'
WARNING: undefined shader parameter: LightSpecular
WARNING: invalid shader parameter in object 'Fspot03'
WARNING: undefined shader parameter: LightAmbient
WARNING: invalid shader parameter in object 'Fspot03'
WARNING: undefined shader parameter: LightDiffuse
WARNING: invalid shader parameter in object 'Fspot04'
WARNING: undefined shader parameter: LightSpecular
WARNING: invalid shader parameter in object 'Fspot04'
WARNING: undefined shader parameter: LightAmbient
WARNING: invalid shader parameter in object 'Fspot04'
WARNING: undefined shader parameter: LightDiffuse
WARNING: invalid shader parameter in object 'Fspot05'
WARNING: undefined shader parameter: LightSpecular
WARNING: invalid shader parameter in object 'Fspot05'
WARNING: undefined shader parameter: LightAmbient
WARNING: invalid shader parameter in object 'Fspot05'
WARNING: undefined shader parameter: LightDiffuse
WARNING: invalid shader parameter in object 'Fspot06'
WARNING: undefined shader parameter: LightSpecular
WARNING: invalid shader parameter in object 'Fspot06'
WARNING: undefined shader parameter: LightAmbient
WARNING: invalid shader parameter in object 'Fspot06'
WARNING: undefined shader parameter: LightDiffuse
WARNING: invalid shader parameter in object 'Fspot07'
WARNING: undefined shader parameter: LightSpecular
WARNING: invalid shader parameter in object 'Fspot07'
WARNING: undefined shader parameter: LightAmbient
WARNING: invalid shader parameter in object 'Fspot07'
WARNING: undefined shader parameter: LightDiffuse
WARNING: invalid shader parameter in object 'Fspot08'
WARNING: undefined shader parameter: LightSpecular
WARNING: invalid shader parameter in object 'Fspot08'
WARNING: undefined shader parameter: LightAmbient
WARNING: invalid shader parameter in object 'Fspot08'
WARNING: undefined shader parameter: LightDiffuse
WARNING: invalid shader parameter in object 'Fspot09'
WARNING: undefined shader parameter: LightSpecular
WARNING: invalid shader parameter in object 'Fspot09'
WARNING: undefined shader parameter: LightAmbient
WARNING: invalid shader parameter in object 'Fspot09'
WARNING: undefined shader parameter: LightDiffuse
WARNING: invalid shader parameter in object 'Fspot10'
WARNING: undefined shader parameter: LightSpecular
WARNING: invalid shader parameter in object 'Fspot10'
WARNING: undefined shader parameter: LightAmbient
WARNING: invalid shader parameter in object 'Fspot10'
WARNING: undefined shader parameter: LightDiffuse
WARNING: invalid shader parameter in object 'Sky01'
WARNING: undefined shader parameter: LightSpecular
WARNING: invalid shader parameter in object 'Sky01'
WARNING: undefined shader parameter: LightAmbient
WARNING: invalid shader parameter in object 'Sky01'
WARNING: undefined shader parameter: LightDiffuse
WARNING: invalid shader parameter in object 'Fspot01'
WARNING: undefined shader parameter: LightSpecular
WARNING: invalid shader parameter in object 'Fspot01'
WARNING: undefined shader parameter: LightAmbient
WARNING: invalid shader parameter in object 'Fspot01'
WARNING: undefined shader parameter: LightDiffuse
WARNING: invalid shader parameter in object 'Fspot02'
WARNING: undefined shader parameter: LightSpecular
WARNING: invalid shader parameter in object 'Fspot02'
WARNING: undefined shader parameter: LightAmbient
WARNING: invalid shader parameter in object 'Fspot02'
WARNING: undefined shader parameter: LightDiffuse
WARNING: invalid shader parameter in object 'Fspot03'
WARNING: undefined shader parameter: LightSpecular
WARNING: invalid shader parameter in object 'Fspot03'
WARNING: undefined shader parameter: LightAmbient
WARNING: invalid shader parameter in object 'Fspot03'
WARNING: undefined shader parameter: LightDiffuse
WARNING: invalid shader parameter in object 'Fspot04'
WARNING: undefined shader parameter: LightSpecular
WARNING: invalid shader parameter in object 'Fspot04'
WARNING: undefined shader parameter: LightAmbient
WARNING: invalid shader parameter in object 'Fspot04'
WARNING: undefined shader parameter: LightDiffuse
WARNING: invalid shader parameter in object 'Fspot05'
WARNING: undefined shader parameter: LightSpecular
WARNING: invalid shader parameter in object 'Fspot05'
WARNING: undefined shader parameter: LightAmbient
WARNING: invalid shader parameter in object 'Fspot05'
WARNING: undefined shader parameter: LightDiffuse
WARNING: invalid shader parameter in object 'Fspot06'
WARNING: undefined shader parameter: LightSpecular
WARNING: invalid shader parameter in object 'Fspot06'
WARNING: undefined shader parameter: LightAmbient
WARNING: invalid shader parameter in object 'Fspot06'
WARNING: undefined shader parameter: LightDiffuse
WARNING: invalid shader parameter in object 'Fspot07'
WARNING: undefined shader parameter: LightSpecular
WARNING: invalid shader parameter in object 'Fspot07'
WARNING: undefined shader parameter: LightAmbient
WARNING: invalid shader parameter in object 'Fspot07'
WARNING: undefined shader parameter: LightDiffuse
WARNING: invalid shader parameter in object 'Fspot08'
WARNING: undefined shader parameter: LightSpecular
WARNING: invalid shader parameter in object 'Fspot08'
WARNING: undefined shader parameter: LightAmbient
WARNING: invalid shader parameter in object 'Fspot08'
WARNING: undefined shader parameter: LightDiffuse
WARNING: invalid shader parameter in object 'Fspot09'
WARNING: undefined shader parameter: LightSpecular
WARNING: invalid shader parameter in object 'Fspot09'
WARNING: undefined shader parameter: LightAmbient
WARNING: invalid shader parameter in object 'Fspot09'
WARNING: undefined shader parameter: LightDiffuse
WARNING: invalid shader parameter in object 'Fspot10'
WARNING: undefined shader parameter: LightSpecular
WARNING: invalid shader parameter in object 'Fspot10'
WARNING: undefined shader parameter: LightAmbient
WARNING: invalid shader parameter in object 'Fspot10'
WARNING: undefined shader parameter: LightDiffuse
WARNING: invalid shader parameter in object 'Sky01'
WARNING: undefined shader parameter: LightSpecular
WARNING: invalid shader parameter in object 'Sky01'
WARNING: undefined shader parameter: LightAmbient
WARNING: invalid shader parameter in object 'Sky01'
WARNING: undefined shader parameter: LightDiffuse
WARNING: invalid shader parameter in object 'Fspot01'
WARNING: undefined shader parameter: LightSpecular
WARNING: invalid shader parameter in object 'Fspot01'
WARNING: undefined shader parameter: LightAmbient
WARNING: invalid shader parameter in object 'Fspot01'
WARNING: undefined shader parameter: LightDiffuse
WARNING: invalid shader parameter in object 'Fspot02'
WARNING: undefined shader parameter: LightSpecular
WARNING: invalid shader parameter in object 'Fspot02'
WARNING: undefined shader parameter: LightAmbient
WARNING: invalid shader parameter in object 'Fspot02'
WARNING: undefined shader parameter: LightDiffuse
WARNING: invalid shader parameter in object 'Fspot03'
WARNING: undefined shader parameter: LightSpecular
WARNING: invalid shader parameter in object 'Fspot03'
WARNING: undefined shader parameter: LightAmbient
WARNING: invalid shader parameter in object 'Fspot03'
WARNING: undefined shader parameter: LightDiffuse
WARNING: invalid shader parameter in object 'Fspot04'
WARNING: undefined shader parameter: LightSpecular
WARNING: invalid shader parameter in object 'Fspot04'
WARNING: undefined shader parameter: LightAmbient
WARNING: invalid shader parameter in object 'Fspot04'
WARNING: undefined shader parameter: LightDiffuse
WARNING: invalid shader parameter in object 'Fspot05'
WARNING: undefined shader parameter: LightSpecular
WARNING: invalid shader parameter in object 'Fspot05'
WARNING: undefined shader parameter: LightAmbient
WARNING: invalid shader parameter in object 'Fspot05'
WARNING: undefined shader parameter: LightDiffuse
WARNING: invalid shader parameter in object 'Fspot06'
WARNING: undefined shader parameter: LightSpecular
WARNING: invalid shader parameter in object 'Fspot06'
WARNING: undefined shader parameter: LightAmbient
WARNING: invalid shader parameter in object 'Fspot06'
WARNING: undefined shader parameter: LightDiffuse
WARNING: invalid shader parameter in object 'Fspot07'
WARNING: undefined shader parameter: LightSpecular
WARNING: invalid shader parameter in object 'Fspot07'
WARNING: undefined shader parameter: LightAmbient
WARNING: invalid shader parameter in object 'Fspot07'
WARNING: undefined shader parameter: LightDiffuse
WARNING: invalid shader parameter in object 'Fspot08'
WARNING: undefined shader parameter: LightSpecular
WARNING: invalid shader parameter in object 'Fspot08'
WARNING: undefined shader parameter: LightAmbient
WARNING: invalid shader parameter in object 'Fspot08'
WARNING: undefined shader parameter: LightDiffuse
WARNING: invalid shader parameter in object 'Fspot09'
WARNING: undefined shader parameter: LightSpecular
WARNING: invalid shader parameter in object 'Fspot09'
WARNING: undefined shader parameter: LightAmbient
WARNING: invalid shader parameter in object 'Fspot09'
WARNING: undefined shader parameter: LightDiffuse
WARNING: invalid shader parameter in object 'Fspot10'
WARNING: undefined shader parameter: LightSpecular
WARNING: invalid shader parameter in object 'Fspot10'
WARNING: undefined shader parameter: LightAmbient
WARNING: invalid shader parameter in object 'Fspot10'
WARNING: undefined shader parameter: LightDiffuse
WARNING: invalid shader parameter in object 'Sky01'
WARNING: undefined shader parameter: LightSpecular
WARNING: invalid shader parameter in object 'Sky01'
WARNING: undefined shader parameter: LightAmbient
WARNING: invalid shader parameter in object 'Sky01'
WARNING: undefined shader parameter: LightDiffuse
WARNING: invalid shader parameter in object 'Fspot01'
WARNING: undefined shader parameter: LightSpecular
WARNING: invalid shader parameter in object 'Fspot01'
WARNING: undefined shader parameter: LightAmbient
WARNING: invalid shader parameter in object 'Fspot01'
WARNING: undefined shader parameter: LightDiffuse
WARNING: invalid shader parameter in object 'Fspot02'
WARNING: undefined shader parameter: LightSpecular
WARNING: invalid shader parameter in object 'Fspot02'
WARNING: undefined shader parameter: LightAmbient
WARNING: invalid shader parameter in object 'Fspot02'
WARNING: undefined shader parameter: LightDiffuse
WARNING: invalid shader parameter in object 'Fspot03'
WARNING: undefined shader parameter: LightSpecular
WARNING: invalid shader parameter in object 'Fspot03'
WARNING: undefined shader parameter: LightAmbient
WARNING: invalid shader parameter in object 'Fspot03'
WARNING: undefined shader parameter: LightDiffuse
WARNING: invalid shader parameter in object 'Fspot04'
WARNING: undefined shader parameter: LightSpecular
WARNING: invalid shader parameter in object 'Fspot04'
WARNING: undefined shader parameter: LightAmbient
WARNING: invalid shader parameter in object 'Fspot04'
WARNING: undefined shader parameter: LightDiffuse
WARNING: invalid shader parameter in object 'Fspot05'
WARNING: undefined shader parameter: LightSpecular
WARNING: invalid shader parameter in object 'Fspot05'
WARNING: undefined shader parameter: LightAmbient
WARNING: invalid shader parameter in object 'Fspot05'
WARNING: undefined shader parameter: LightDiffuse
WARNING: invalid shader parameter in object 'Fspot06'
WARNING: undefined shader parameter: LightSpecular
WARNING: invalid shader parameter in object 'Fspot06'
WARNING: undefined shader parameter: LightAmbient
WARNING: invalid shader parameter in object 'Fspot06'
WARNING: undefined shader parameter: LightDiffuse
WARNING: invalid shader parameter in object 'Fspot07'
WARNING: undefined shader parameter: LightSpecular
WARNING: invalid shader parameter in object 'Fspot07'
WARNING: undefined shader parameter: LightAmbient
WARNING: invalid shader parameter in object 'Fspot07'
WARNING: undefined shader parameter: LightDiffuse
WARNING: invalid shader parameter in object 'Fspot08'
WARNING: undefined shader parameter: LightSpecular
WARNING: invalid shader parameter in object 'Fspot08'
WARNING: undefined shader parameter: LightAmbient
WARNING: invalid shader parameter in object 'Fspot08'
WARNING: undefined shader parameter: LightDiffuse
WARNING: invalid shader parameter in object 'Fspot09'
WARNING: undefined shader parameter: LightSpecular
WARNING: invalid shader parameter in object 'Fspot09'
WARNING: undefined shader parameter: LightAmbient
WARNING: invalid shader parameter in object 'Fspot09'
WARNING: undefined shader parameter: LightDiffuse
WARNING: invalid shader parameter in object 'Fspot10'
WARNING: undefined shader parameter: LightSpecular
WARNING: invalid shader parameter in object 'Fspot10'
WARNING: undefined shader parameter: LightAmbient
WARNING: invalid shader parameter in object 'Fspot10'
WARNING: undefined shader parameter: LightDiffuse
WARNING: invalid shader parameter in object 'Sky01'
WARNING: undefined shader parameter: LightSpecular
WARNING: invalid shader parameter in object 'Sky01'
WARNING: undefined shader parameter: LightAmbient
WARNING: invalid shader parameter in object 'Sky01'
+loadMeshShape: 0.025344
+loadMoppCode: 0.026786
Message from server: warning! CarBodyDetail::OnActivate (cars/Car60). Detail is not found (cars/Car60/shadow_plane)
+loadMeshShape: 0.019882
+loadMoppCode: 0.021470
+loadMeshShape: 0.014717
+loadMoppCode: 0.015775
Message from server: warning! CarBodyDetail::OnActivate (cars/Car60). Detail is not found (cars/Car60/shadow_plane)
+loadMeshShape: 0.013256
+loadMoppCode: 0.014318
Message from server: warning! CarBodyDetail::OnActivate (cars/vaz2114v2_by_heisenberg). Detail is not found (cars/vaz2114v2_by_heisenberg/learner)
Message from server: warning! CarBodyDetail::OnActivate (cars/vaz2114v2_by_heisenberg). Detail is not found (cars/vaz2114v2_by_heisenberg/beginner)
WARNING: undefined shader parameter: QuadMap
WARNING: undefined shader parameter: QuadSampler
WARNING: undefined shader parameter: dssNoDepthNoStencil
WARNING: undefined shader parameter: rsCullNone
WARNING: undefined shader parameter: bsNoBlend
WARNING: undefined shader parameter: AlphaBlend
TrackIr: DLL Location key not present
WARNING: undefined shader parameter: QuadMap
WARNING: undefined shader parameter: QuadSampler
WARNING: undefined shader parameter: dssNoDepthNoStencil
WARNING: undefined shader parameter: rsCullNone
WARNING: undefined shader parameter: bsNoBlend
WARNING: undefined shader parameter: AlphaBlend
LoadLuaScript: data:scripts.lua/plugins/InitPager.lua
LuaCmd: scriptPath - data:scripts.lua/plugins/InitPager.lua, cmd -InitPager
LoadLuaScript: data:scripts.lua/plugins/rulesControl.lua
LuaCmd: scriptPath - data:scripts.lua/plugins/rulesControl.lua, cmd -InitRules
LoadLuaScript: data:scripts.lua/plugins/satisfactionControl.lua
WARNING: undefined shader parameter: AnisotropicSampler
WARNING: undefined shader parameter: PointSampler
WARNING: undefined shader parameter: ShadowMapSampler
WARNING: undefined shader parameter: LightmapSampler
WARNING: undefined shader parameter: BumpSampler
WARNING: undefined shader parameter: ClampSampler
WARNING: undefined shader parameter: dssDepthNoStencil
WARNING: undefined shader parameter: dssDepthInvNoStencil
WARNING: undefined shader parameter: dssNoDepthNoStencil
WARNING: undefined shader parameter: dssDepthNoWriteNoStencil
WARNING: undefined shader parameter: dssDepthInvNoWriteNoStencil
WARNING: undefined shader parameter: rsCullFront
WARNING: undefined shader parameter: rsCullFrontDB
WARNING: undefined shader parameter: rsCullFrontWireframe
WARNING: undefined shader parameter: rsCullNone
WARNING: undefined shader parameter: rsCullBack
WARNING: undefined shader parameter: bsNoBlend
WARNING: undefined shader parameter: bsNoBlendRGB
WARNING: undefined shader parameter: bsAlphaBlend
WARNING: undefined shader parameter: bsAlphaBlendRGB
WARNING: undefined shader parameter: bsAlphaBlendCompose
WARNING: undefined shader parameter: bsRedOnly
WARNING: undefined shader parameter: bsNoColor
WARNING: undefined shader parameter: bsCompose
WARNING: undefined shader parameter: bsMax
WARNING: undefined shader parameter: AnisotropicSampler
WARNING: undefined shader parameter: PointSampler
WARNING: undefined shader parameter: ShadowMapSampler
WARNING: undefined shader parameter: LightmapSampler
WARNING: undefined shader parameter: BumpSampler
WARNING: undefined shader parameter: ClampSampler
WARNING: undefined shader parameter: dssDepthNoStencil
WARNING: undefined shader parameter: dssDepthInvNoStencil
WARNING: undefined shader parameter: dssNoDepthNoStencil
WARNING: undefined shader parameter: dssDepthNoWriteNoStencil
WARNING: undefined shader parameter: dssDepthInvNoWriteNoStencil
WARNING: undefined shader parameter: rsCullFront
WARNING: undefined shader parameter: rsCullFrontDB
WARNING: undefined shader parameter: rsCullFrontWireframe
WARNING: undefined shader parameter: rsCullNone
WARNING: undefined shader parameter: rsCullBack
WARNING: undefined shader parameter: bsNoBlend
WARNING: undefined shader parameter: bsNoBlendRGB
WARNING: undefined shader parameter: bsAlphaBlend
WARNING: undefined shader parameter: bsAlphaBlendRGB
WARNING: undefined shader parameter: bsAlphaBlendCompose
WARNING: undefined shader parameter: bsRedOnly
WARNING: undefined shader parameter: bsNoColor
WARNING: undefined shader parameter: bsCompose
WARNING: undefined shader parameter: bsMax
WARNING: undefined shader parameter: AnisotropicSampler
WARNING: undefined shader parameter: PointSampler
WARNING: undefined shader parameter: ShadowMapSampler
WARNING: undefined shader parameter: LightmapSampler
WARNING: undefined shader parameter: BumpSampler
WARNING: undefined shader parameter: ClampSampler
WARNING: undefined shader parameter: dssDepthNoStencil
WARNING: undefined shader parameter: dssDepthInvNoStencil
WARNING: undefined shader parameter: dssNoDepthNoStencil
WARNING: undefined shader parameter: dssDepthNoWriteNoStencil
WARNING: undefined shader parameter: dssDepthInvNoWriteNoStencil
WARNING: undefined shader parameter: rsCullFront
WARNING: undefined shader parameter: rsCullFrontDB
WARNING: undefined shader parameter: rsCullFrontWireframe
WARNING: undefined shader parameter: rsCullNone
WARNING: undefined shader parameter: rsCullBack
WARNING: undefined shader parameter: bsNoBlend
WARNING: undefined shader parameter: bsNoBlendRGB
WARNING: undefined shader parameter: bsAlphaBlend
WARNING: undefined shader parameter: bsAlphaBlendRGB
WARNING: undefined shader parameter: bsAlphaBlendCompose
WARNING: undefined shader parameter: bsRedOnly
WARNING: undefined shader parameter: bsNoColor
WARNING: undefined shader parameter: bsCompose
WARNING: undefined shader parameter: bsMax
WARNING: undefined shader parameter: AnisotropicSampler
WARNING: undefined shader parameter: PointSampler
WARNING: undefined shader parameter: ShadowMapSampler
WARNING: undefined shader parameter: LightmapSampler
WARNING: undefined shader parameter: BumpSampler
WARNING: undefined shader parameter: ClampSampler
WARNING: undefined shader parameter: dssDepthNoStencil
WARNING: undefined shader parameter: dssDepthInvNoStencil
WARNING: undefined shader parameter: dssNoDepthNoStencil
WARNING: undefined shader parameter: dssDepthNoWriteNoStencil
WARNING: undefined shader parameter: dssDepthInvNoWriteNoStencil
WARNING: undefined shader parameter: rsCullFront
WARNING: undefined shader parameter: rsCullFrontDB
WARNING: undefined shader parameter: rsCullFrontWireframe
WARNING: undefined shader parameter: rsCullNone
WARNING: undefined shader parameter: rsCullBack
WARNING: undefined shader parameter: bsNoBlend
WARNING: undefined shader parameter: bsNoBlendRGB
WARNING: undefined shader parameter: bsAlphaBlend
WARNING: undefined shader parameter: bsAlphaBlendRGB
WARNING: undefined shader parameter: bsAlphaBlendCompose
WARNING: undefined shader parameter: bsRedOnly
WARNING: undefined shader parameter: bsNoColor
WARNING: undefined shader parameter: bsCompose
WARNING: undefined shader parameter: bsMax
WARNING: undefined shader parameter: AnisotropicSampler
WARNING: undefined shader parameter: PointSampler
WARNING: undefined shader parameter: ShadowMapSampler
WARNING: undefined shader parameter: LightmapSampler
WARNING: undefined shader parameter: BumpSampler
WARNING: undefined shader parameter: ClampSampler
WARNING: undefined shader parameter: dssDepthNoStencil
WARNING: undefined shader parameter: dssDepthInvNoStencil
WARNING: undefined shader parameter: dssNoDepthNoStencil
WARNING: undefined shader parameter: dssDepthNoWriteNoStencil
WARNING: undefined shader parameter: dssDepthInvNoWriteNoStencil
WARNING: undefined shader parameter: rsCullFront
WARNING: undefined shader parameter: rsCullFrontDB
WARNING: undefined shader parameter: rsCullFrontWireframe
WARNING: undefined shader parameter: rsCullNone
WARNING: undefined shader parameter: rsCullBack
WARNING: undefined shader parameter: bsNoBlend
WARNING: undefined shader parameter: bsNoBlendRGB
WARNING: undefined shader parameter: bsAlphaBlend
WARNING: undefined shader parameter: bsAlphaBlendRGB
WARNING: undefined shader parameter: bsAlphaBlendCompose
WARNING: undefined shader parameter: bsRedOnly
WARNING: undefined shader parameter: bsNoColor
WARNING: undefined shader parameter: bsCompose
WARNING: undefined shader parameter: bsMax
WARNING: undefined shader parameter: AnisotropicSampler
WARNING: undefined shader parameter: PointSampler
WARNING: undefined shader parameter: ShadowMapSampler
WARNING: undefined shader parameter: LightmapSampler
WARNING: undefined shader parameter: BumpSampler
WARNING: undefined shader parameter: ClampSampler
WARNING: undefined shader parameter: dssDepthNoStencil
WARNING: undefined shader parameter: dssDepthInvNoStencil
WARNING: undefined shader parameter: dssNoDepthNoStencil
WARNING: undefined shader parameter: dssDepthNoWriteNoStencil
WARNING: undefined shader parameter: dssDepthInvNoWriteNoStencil
WARNING: undefined shader parameter: rsCullFront
WARNING: undefined shader parameter: rsCullFrontDB
WARNING: undefined shader parameter: rsCullFrontWireframe
WARNING: undefined shader parameter: rsCullNone
WARNING: undefined shader parameter: rsCullBack
WARNING: undefined shader parameter: bsNoBlend
WARNING: undefined shader parameter: bsNoBlendRGB
WARNING: undefined shader parameter: bsAlphaBlend
WARNING: undefined shader parameter: bsAlphaBlendRGB
WARNING: undefined shader parameter: bsAlphaBlendCompose
WARNING: undefined shader parameter: bsRedOnly
WARNING: undefined shader parameter: bsNoColor
WARNING: undefined shader parameter: bsCompose
WARNING: undefined shader parameter: bsMax
WARNING: undefined shader parameter: AnisotropicSampler
WARNING: undefined shader parameter: PointSampler
WARNING: undefined shader parameter: ShadowMapSampler
WARNING: undefined shader parameter: LightmapSampler
WARNING: undefined shader parameter: BumpSampler
WARNING: undefined shader parameter: ClampSampler
WARNING: undefined shader parameter: dssDepthNoStencil
WARNING: undefined shader parameter: dssDepthInvNoStencil
WARNING: undefined shader parameter: dssNoDepthNoStencil
WARNING: undefined shader parameter: dssDepthNoWriteNoStencil
WARNING: undefined shader parameter: dssDepthInvNoWriteNoStencil
WARNING: undefined shader parameter: rsCullFront
WARNING: undefined shader parameter: rsCullFrontDB
WARNING: undefined shader parameter: rsCullFrontWireframe
WARNING: undefined shader parameter: rsCullNone
WARNING: undefined shader parameter: rsCullBack
WARNING: undefined shader parameter: bsNoBlend
WARNING: undefined shader parameter: bsNoBlendRGB
WARNING: undefined shader parameter: bsAlphaBlend
WARNING: undefined shader parameter: bsAlphaBlendRGB
WARNING: undefined shader parameter: bsAlphaBlendCompose
WARNING: undefined shader parameter: bsRedOnly
WARNING: undefined shader parameter: bsNoColor
WARNING: undefined shader parameter: bsCompose
WARNING: undefined shader parameter: bsMax
WARNING: undefined shader parameter: AnisotropicSampler
WARNING: undefined shader parameter: PointSampler
WARNING: undefined shader parameter: ShadowMapSampler
WARNING: undefined shader parameter: LightmapSampler
WARNING: undefined shader parameter: BumpSampler
WARNING: undefined shader parameter: ClampSampler
WARNING: undefined shader parameter: dssDepthNoStencil
WARNING: undefined shader parameter: dssDepthInvNoStencil
WARNING: undefined shader parameter: dssNoDepthNoStencil
WARNING: undefined shader parameter: dssDepthNoWriteNoStencil
WARNING: undefined shader parameter: dssDepthInvNoWriteNoStencil
WARNING: undefined shader parameter: rsCullFront
WARNING: undefined shader parameter: rsCullFrontDB
WARNING: undefined shader parameter: rsCullFrontWireframe
WARNING: undefined shader parameter: rsCullNone
WARNING: undefined shader parameter: rsCullBack
WARNING: undefined shader parameter: bsNoBlend
WARNING: undefined shader parameter: bsNoBlendRGB
WARNING: undefined shader parameter: bsAlphaBlend
WARNING: undefined shader parameter: bsAlphaBlendRGB
WARNING: undefined shader parameter: bsAlphaBlendCompose
WARNING: undefined shader parameter: bsRedOnly
WARNING: undefined shader parameter: bsNoColor
WARNING: undefined shader parameter: bsCompose
WARNING: undefined shader parameter: bsMax
WARNING: undefined shader parameter: AnisotropicSampler
WARNING: undefined shader parameter: PointSampler
WARNING: undefined shader parameter: ShadowMapSampler
WARNING: undefined shader parameter: LightmapSampler
WARNING: undefined shader parameter: BumpSampler
WARNING: undefined shader parameter: ClampSampler
WARNING: undefined shader parameter: dssDepthNoStencil
WARNING: undefined shader parameter: dssDepthInvNoStencil
WARNING: undefined shader parameter: dssNoDepthNoStencil
WARNING: undefined shader parameter: dssDepthNoWriteNoStencil
WARNING: undefined shader parameter: dssDepthInvNoWriteNoStencil
WARNING: undefined shader parameter: rsCullFront
WARNING: undefined shader parameter: rsCullFrontDB
WARNING: undefined shader parameter: rsCullFrontWireframe
WARNING: undefined shader parameter: rsCullNone
WARNING: undefined shader parameter: rsCullBack
WARNING: undefined shader parameter: bsNoBlend
WARNING: undefined shader parameter: bsNoBlendRGB
WARNING: undefined shader parameter: bsAlphaBlend
WARNING: undefined shader parameter: bsAlphaBlendRGB
WARNING: undefined shader parameter: bsAlphaBlendCompose
WARNING: undefined shader parameter: bsRedOnly
WARNING: undefined shader parameter: bsNoColor
WARNING: undefined shader parameter: bsCompose
WARNING: undefined shader parameter: bsMax
WARNING: undefined shader parameter: AnisotropicSampler
WARNING: undefined shader parameter: PointSampler
WARNING: undefined shader parameter: ShadowMapSampler
WARNING: undefined shader parameter: LightmapSampler
WARNING: undefined shader parameter: BumpSampler
WARNING: undefined shader parameter: ClampSampler
WARNING: undefined shader parameter: dssDepthNoStencil
WARNING: undefined shader parameter: dssDepthInvNoStencil
WARNING: undefined shader parameter: dssNoDepthNoStencil
WARNING: undefined shader parameter: dssDepthNoWriteNoStencil
WARNING: undefined shader parameter: dssDepthInvNoWriteNoStencil
WARNING: undefined shader parameter: rsCullFront
WARNING: undefined shader parameter: rsCullFrontDB
WARNING: undefined shader parameter: rsCullFrontWireframe
WARNING: undefined shader parameter: rsCullNone
WARNING: undefined shader parameter: rsCullBack
WARNING: undefined shader parameter: bsNoBlend
WARNING: undefined shader parameter: bsNoBlendRGB
WARNING: undefined shader parameter: bsAlphaBlend
WARNING: undefined shader parameter: bsAlphaBlendRGB
WARNING: undefined shader parameter: bsAlphaBlendCompose
WARNING: undefined shader parameter: bsRedOnly
WARNING: undefined shader parameter: bsNoColor
WARNING: undefined shader parameter: bsCompose
WARNING: undefined shader parameter: bsMax
WARNING: undefined shader parameter: AnisotropicSampler
WARNING: undefined shader parameter: PointSampler
WARNING: undefined shader parameter: ShadowMapSampler
WARNING: undefined shader parameter: LightmapSampler
WARNING: undefined shader parameter: BumpSampler
WARNING: undefined shader parameter: ClampSampler
WARNING: undefined shader parameter: dssDepthNoStencil
WARNING: undefined shader parameter: dssDepthInvNoStencil
WARNING: undefined shader parameter: dssNoDepthNoStencil
WARNING: undefined shader parameter: dssDepthNoWriteNoStencil
WARNING: undefined shader parameter: dssDepthInvNoWriteNoStencil
WARNING: undefined shader parameter: rsCullFront
WARNING: undefined shader parameter: rsCullFrontDB
WARNING: undefined shader parameter: rsCullFrontWireframe
WARNING: undefined shader parameter: rsCullNone
WARNING: undefined shader parameter: rsCullBack
WARNING: undefined shader parameter: bsNoBlend
WARNING: undefined shader parameter: bsNoBlendRGB
WARNING: undefined shader parameter: bsAlphaBlend
WARNING: undefined shader parameter: bsAlphaBlendRGB
WARNING: undefined shader parameter: bsAlphaBlendCompose
WARNING: undefined shader parameter: bsRedOnly
WARNING: undefined shader parameter: bsNoColor
WARNING: undefined shader parameter: bsCompose
WARNING: undefined shader parameter: bsMax
WARNING: undefined shader parameter: AnisotropicSampler
WARNING: undefined shader parameter: PointSampler
WARNING: undefined shader parameter: ShadowMapSampler
WARNING: undefined shader parameter: LightmapSampler
WARNING: undefined shader parameter: BumpSampler
WARNING: undefined shader parameter: ClampSampler
WARNING: undefined shader parameter: dssDepthNoStencil
WARNING: undefined shader parameter: dssDepthInvNoStencil
WARNING: undefined shader parameter: dssNoDepthNoStencil
WARNING: undefined shader parameter: dssDepthNoWriteNoStencil
WARNING: undefined shader parameter: dssDepthInvNoWriteNoStencil
WARNING: undefined shader parameter: rsCullFront
WARNING: undefined shader parameter: rsCullFrontDB
WARNING: undefined shader parameter: rsCullFrontWireframe
WARNING: undefined shader parameter: rsCullNone
WARNING: undefined shader parameter: rsCullBack
WARNING: undefined shader parameter: bsNoBlend
WARNING: undefined shader parameter: bsNoBlendRGB
WARNING: undefined shader parameter: bsAlphaBlend
WARNING: undefined shader parameter: bsAlphaBlendRGB
WARNING: undefined shader parameter: bsAlphaBlendCompose
WARNING: undefined shader parameter: bsRedOnly
WARNING: undefined shader parameter: bsNoColor
WARNING: undefined shader parameter: bsCompose
WARNING: undefined shader parameter: bsMax
Message from server: warning! CarBodyDetail::OnActivate (cars/Car50). Detail is not found (cars/Car50/shadow_plane)
Message from server: warning! CarBodyDetail::OnActivate (cars/Car41). Detail is not found (cars/Car41/shadow_plane)
WARNING: undefined shader parameter: AnisotropicSampler
WARNING: undefined shader parameter: PointSampler
WARNING: undefined shader parameter: ShadowMapSampler
WARNING: undefined shader parameter: LightmapSampler
WARNING: undefined shader parameter: BumpSampler
WARNING: undefined shader parameter: ClampSampler
WARNING: undefined shader parameter: dssDepthNoStencil
WARNING: undefined shader parameter: dssDepthInvNoStencil
WARNING: undefined shader parameter: dssNoDepthNoStencil
WARNING: undefined shader parameter: dssDepthNoWriteNoStencil
WARNING: undefined shader parameter: dssDepthInvNoWriteNoStencil
WARNING: undefined shader parameter: rsCullFront
WARNING: undefined shader parameter: rsCullFrontDB
WARNING: undefined shader parameter: rsCullFrontWireframe
WARNING: undefined shader parameter: rsCullNone
WARNING: undefined shader parameter: rsCullBack
WARNING: undefined shader parameter: bsNoBlend
WARNING: undefined shader parameter: bsNoBlendRGB
WARNING: undefined shader parameter: bsAlphaBlend
WARNING: undefined shader parameter: bsAlphaBlendRGB
WARNING: undefined shader parameter: bsAlphaBlendCompose
WARNING: undefined shader parameter: bsRedOnly
WARNING: undefined shader parameter: bsNoColor
WARNING: undefined shader parameter: bsCompose
WARNING: undefined shader parameter: bsMax
_luaClose
_luaOpen
LoadLuaScript: export:scripts/missions/bit.lua
LoadLuaScript: export:scripts/missions/common.lua
Removing network cars+loadMeshShape: 0.010478
+loadMoppCode: 0.011188
WARNING: undefined shader parameter: LightDiffuse
WARNING: invalid shader parameter in object 'Sky01'
WARNING: undefined shader parameter: LightSpecular
WARNING: invalid shader parameter in object 'Sky01'
WARNING: undefined shader parameter: LightAmbient
WARNING: invalid shader parameter in object 'Sky01'
+loadMeshShape: 0.009791
+loadMoppCode: 0.010359
+loadMeshShape: 0.016625
+loadMoppCode: 0.017721
+loadMeshShape: 0.026989
+loadMoppCode: 0.028725
WARNING: undefined shader parameter: LightDiffuse
WARNING: invalid shader parameter in object 'Omni01'
WARNING: undefined shader parameter: LightSpecular
WARNING: invalid shader parameter in object 'Omni01'
WARNING: undefined shader parameter: LightAmbient
WARNING: invalid shader parameter in object 'Omni01'
WARNING: undefined shader parameter: LightDiffuse
WARNING: invalid shader parameter in object 'Omni02'
WARNING: undefined shader parameter: LightSpecular
WARNING: invalid shader parameter in object 'Omni02'
WARNING: undefined shader parameter: LightAmbient
WARNING: invalid shader parameter in object 'Omni02'
WARNING: undefined shader parameter: LightDiffuse
WARNING: invalid shader parameter in object 'Sky01'
WARNING: undefined shader parameter: LightSpecular
WARNING: invalid shader parameter in object 'Sky01'
WARNING: undefined shader parameter: LightAmbient
WARNING: invalid shader parameter in object 'Sky01'
WARNING: undefined shader parameter: LightDiffuse
WARNING: invalid shader parameter in object 'Fspot01'
WARNING: undefined shader parameter: LightSpecular
WARNING: invalid shader parameter in object 'Fspot01'
WARNING: undefined shader parameter: LightAmbient
WARNING: invalid shader parameter in object 'Fspot01'
WARNING: undefined shader parameter: LightDiffuse
WARNING: invalid shader parameter in object 'Fspot02'
WARNING: undefined shader parameter: LightSpecular
WARNING: invalid shader parameter in object 'Fspot02'
WARNING: undefined shader parameter: LightAmbient
WARNING: invalid shader parameter in object 'Fspot02'
WARNING: undefined shader parameter: LightDiffuse
WARNING: invalid shader parameter in object 'Fspot03'
WARNING: undefined shader parameter: LightSpecular
WARNING: invalid shader parameter in object 'Fspot03'
WARNING: undefined shader parameter: LightAmbient
WARNING: invalid shader parameter in object 'Fspot03'
WARNING: undefined shader parameter: LightDiffuse
WARNING: invalid shader parameter in object 'Fspot04'
WARNING: undefined shader parameter: LightSpecular
WARNING: invalid shader parameter in object 'Fspot04'
WARNING: undefined shader parameter: LightAmbient
WARNING: invalid shader parameter in object 'Fspot04'
WARNING: undefined shader parameter: LightDiffuse
WARNING: invalid shader parameter in object 'Fspot05'
WARNING: undefined shader parameter: LightSpecular
WARNING: invalid shader parameter in object 'Fspot05'
WARNING: undefined shader parameter: LightAmbient
WARNING: invalid shader parameter in object 'Fspot05'
WARNING: undefined shader parameter: LightDiffuse
WARNING: invalid shader parameter in object 'Fspot06'
WARNING: undefined shader parameter: LightSpecular
WARNING: invalid shader parameter in object 'Fspot06'
WARNING: undefined shader parameter: LightAmbient
WARNING: invalid shader parameter in object 'Fspot06'
WARNING: undefined shader parameter: LightDiffuse
WARNING: invalid shader parameter in object 'Fspot07'
WARNING: undefined shader parameter: LightSpecular
WARNING: invalid shader parameter in object 'Fspot07'
WARNING: undefined shader parameter: LightAmbient
WARNING: invalid shader parameter in object 'Fspot07'
WARNING: undefined shader parameter: LightDiffuse
WARNING: invalid shader parameter in object 'Fspot08'
WARNING: undefined shader parameter: LightSpecular
WARNING: invalid shader parameter in object 'Fspot08'
WARNING: undefined shader parameter: LightAmbient
WARNING: invalid shader parameter in object 'Fspot08'
WARNING: undefined shader parameter: LightDiffuse
WARNING: invalid shader parameter in object 'Fspot09'
WARNING: undefined shader parameter: LightSpecular
WARNING: invalid shader parameter in object 'Fspot09'
WARNING: undefined shader parameter: LightAmbient
WARNING: invalid shader parameter in object 'Fspot09'
WARNING: undefined shader parameter: LightDiffuse
WARNING: invalid shader parameter in object 'Fspot10'
WARNING: undefined shader parameter: LightSpecular
WARNING: invalid shader parameter in object 'Fspot10'
WARNING: undefined shader parameter: LightAmbient
WARNING: invalid shader parameter in object 'Fspot10'
WARNING: undefined shader parameter: LightDiffuse
WARNING: invalid shader parameter in object 'Sky01'
WARNING: undefined shader parameter: LightSpecular
WARNING: invalid shader parameter in object 'Sky01'
WARNING: undefined shader parameter: LightAmbient
WARNING: invalid shader parameter in object 'Sky01'
WARNING: undefined shader parameter: LightDiffuse
WARNING: invalid shader parameter in object 'Fspot01'
WARNING: undefined shader parameter: LightSpecular
WARNING: invalid shader parameter in object 'Fspot01'
WARNING: undefined shader parameter: LightAmbient
WARNING: invalid shader parameter in object 'Fspot01'
WARNING: undefined shader parameter: LightDiffuse
WARNING: invalid shader parameter in object 'Fspot02'
WARNING: undefined shader parameter: LightSpecular
WARNING: invalid shader parameter in object 'Fspot02'
WARNING: undefined shader parameter: LightAmbient
WARNING: invalid shader parameter in object 'Fspot02'
WARNING: undefined shader parameter: LightDiffuse
WARNING: invalid shader parameter in object 'Fspot03'
WARNING: undefined shader parameter: LightSpecular
WARNING: invalid shader parameter in object 'Fspot03'
WARNING: undefined shader parameter: LightAmbient
WARNING: invalid shader parameter in object 'Fspot03'
WARNING: undefined shader parameter: LightDiffuse
WARNING: invalid shader parameter in object 'Fspot04'
WARNING: undefined shader parameter: LightSpecular
WARNING: invalid shader parameter in object 'Fspot04'
WARNING: undefined shader parameter: LightAmbient
WARNING: invalid shader parameter in object 'Fspot04'
WARNING: undefined shader parameter: LightDiffuse
WARNING: invalid shader parameter in object 'Fspot05'
WARNING: undefined shader parameter: LightSpecular
WARNING: invalid shader parameter in object 'Fspot05'
WARNING: undefined shader parameter: LightAmbient
WARNING: invalid shader parameter in object 'Fspot05'
WARNING: undefined shader parameter: LightDiffuse
WARNING: invalid shader parameter in object 'Fspot06'
WARNING: undefined shader parameter: LightSpecular
WARNING: invalid shader parameter in object 'Fspot06'
WARNING: undefined shader parameter: LightAmbient
WARNING: invalid shader parameter in object 'Fspot06'
WARNING: undefined shader parameter: LightDiffuse
WARNING: invalid shader parameter in object 'Fspot07'
WARNING: undefined shader parameter: LightSpecular
WARNING: invalid shader parameter in object 'Fspot07'
WARNING: undefined shader parameter: LightAmbient
WARNING: invalid shader parameter in object 'Fspot07'
WARNING: undefined shader parameter: LightDiffuse
WARNING: invalid shader parameter in object 'Fspot08'
WARNING: undefined shader parameter: LightSpecular
WARNING: invalid shader parameter in object 'Fspot08'
WARNING: undefined shader parameter: LightAmbient
WARNING: invalid shader parameter in object 'Fspot08'
WARNING: undefined shader parameter: LightDiffuse
WARNING: invalid shader parameter in object 'Fspot09'
WARNING: undefined shader parameter: LightSpecular
WARNING: invalid shader parameter in object 'Fspot09'
WARNING: undefined shader parameter: LightAmbient
WARNING: invalid shader parameter in object 'Fspot09'
WARNING: undefined shader parameter: LightDiffuse
WARNING: invalid shader parameter in object 'Fspot10'
WARNING: undefined shader parameter: LightSpecular
WARNING: invalid shader parameter in object 'Fspot10'
WARNING: undefined shader parameter: LightAmbient
WARNING: invalid shader parameter in object 'Fspot10'
WARNING: undefined shader parameter: LightDiffuse
WARNING: invalid shader parameter in object 'Sky01'
WARNING: undefined shader parameter: LightSpecular
WARNING: invalid shader parameter in object 'Sky01'
WARNING: undefined shader parameter: LightAmbient
WARNING: invalid shader parameter in object 'Sky01'
WARNING: undefined shader parameter: LightDiffuse
WARNING: invalid shader parameter in object 'Fspot01'
WARNING: undefined shader parameter: LightSpecular
WARNING: invalid shader parameter in object 'Fspot01'
WARNING: undefined shader parameter: LightAmbient
WARNING: invalid shader parameter in object 'Fspot01'
WARNING: undefined shader parameter: LightDiffuse
WARNING: invalid shader parameter in object 'Fspot02'
WARNING: undefined shader parameter: LightSpecular
WARNING: invalid shader parameter in object 'Fspot02'
WARNING: undefined shader parameter: LightAmbient
WARNING: invalid shader parameter in object 'Fspot02'
WARNING: undefined shader parameter: LightDiffuse
WARNING: invalid shader parameter in object 'Fspot03'
WARNING: undefined shader parameter: LightSpecular
WARNING: invalid shader parameter in object 'Fspot03'
WARNING: undefined shader parameter: LightAmbient
WARNING: invalid shader parameter in object 'Fspot03'
WARNING: undefined shader parameter: LightDiffuse
WARNING: invalid shader parameter in object 'Fspot04'
WARNING: undefined shader parameter: LightSpecular
WARNING: invalid shader parameter in object 'Fspot04'
WARNING: undefined shader parameter: LightAmbient
WARNING: invalid shader parameter in object 'Fspot04'
WARNING: undefined shader parameter: LightDiffuse
WARNING: invalid shader parameter in object 'Fspot05'
WARNING: undefined shader parameter: LightSpecular
WARNING: invalid shader parameter in object 'Fspot05'
WARNING: undefined shader parameter: LightAmbient
WARNING: invalid shader parameter in object 'Fspot05'
WARNING: undefined shader parameter: LightDiffuse
WARNING: invalid shader parameter in object 'Fspot06'
WARNING: undefined shader parameter: LightSpecular
WARNING: invalid shader parameter in object 'Fspot06'
WARNING: undefined shader parameter: LightAmbient
WARNING: invalid shader parameter in object 'Fspot06'
WARNING: undefined shader parameter: LightDiffuse
WARNING: invalid shader parameter in object 'Fspot07'
WARNING: undefined shader parameter: LightSpecular
WARNING: invalid shader parameter in object 'Fspot07'
WARNING: undefined shader parameter: LightAmbient
WARNING: invalid shader parameter in object 'Fspot07'
WARNING: undefined shader parameter: LightDiffuse
WARNING: invalid shader parameter in object 'Fspot08'
WARNING: undefined shader parameter: LightSpecular
WARNING: invalid shader parameter in object 'Fspot08'
WARNING: undefined shader parameter: LightAmbient
WARNING: invalid shader parameter in object 'Fspot08'
WARNING: undefined shader parameter: LightDiffuse
WARNING: invalid shader parameter in object 'Fspot09'
WARNING: undefined shader parameter: LightSpecular
WARNING: invalid shader parameter in object 'Fspot09'
WARNING: undefined shader parameter: LightAmbient
WARNING: invalid shader parameter in object 'Fspot09'
WARNING: undefined shader parameter: LightDiffuse
WARNING: invalid shader parameter in object 'Fspot10'
WARNING: undefined shader parameter: LightSpecular
WARNING: invalid shader parameter in object 'Fspot10'
WARNING: undefined shader parameter: LightAmbient
WARNING: invalid shader parameter in object 'Fspot10'
WARNING: undefined shader parameter: LightDiffuse
WARNING: invalid shader parameter in object 'Sky01'
WARNING: undefined shader parameter: LightSpecular
WARNING: invalid shader parameter in object 'Sky01'
WARNING: undefined shader parameter: LightAmbient
WARNING: invalid shader parameter in object 'Sky01'
WARNING: undefined shader parameter: LightDiffuse
WARNING: invalid shader parameter in object 'Fspot01'
WARNING: undefined shader parameter: LightSpecular
WARNING: invalid shader parameter in object 'Fspot01'
WARNING: undefined shader parameter: LightAmbient
WARNING: invalid shader parameter in object 'Fspot01'
WARNING: undefined shader parameter: LightDiffuse
WARNING: invalid shader parameter in object 'Fspot02'
WARNING: undefined shader parameter: LightSpecular
WARNING: invalid shader parameter in object 'Fspot02'
WARNING: undefined shader parameter: LightAmbient
WARNING: invalid shader parameter in object 'Fspot02'
WARNING: undefined shader parameter: LightDiffuse
WARNING: invalid shader parameter in object 'Fspot03'
WARNING: undefined shader parameter: LightSpecular
WARNING: invalid shader parameter in object 'Fspot03'
WARNING: undefined shader parameter: LightAmbient
WARNING: invalid shader parameter in object 'Fspot03'
WARNING: undefined shader parameter: LightDiffuse
WARNING: invalid shader parameter in object 'Fspot04'
WARNING: undefined shader parameter: LightSpecular
WARNING: invalid shader parameter in object 'Fspot04'
WARNING: undefined shader parameter: LightAmbient
WARNING: invalid shader parameter in object 'Fspot04'
WARNING: undefined shader parameter: LightDiffuse
WARNING: invalid shader parameter in object 'Fspot05'
WARNING: undefined shader parameter: LightSpecular
WARNING: invalid shader parameter in object 'Fspot05'
WARNING: undefined shader parameter: LightAmbient
WARNING: invalid shader parameter in object 'Fspot05'
WARNING: undefined shader parameter: LightDiffuse
WARNING: invalid shader parameter in object 'Fspot06'
WARNING: undefined shader parameter: LightSpecular
WARNING: invalid shader parameter in object 'Fspot06'
WARNING: undefined shader parameter: LightAmbient
WARNING: invalid shader parameter in object 'Fspot06'
WARNING: undefined shader parameter: LightDiffuse
WARNING: invalid shader parameter in object 'Fspot07'
WARNING: undefined shader parameter: LightSpecular
WARNING: invalid shader parameter in object 'Fspot07'
WARNING: undefined shader parameter: LightAmbient
WARNING: invalid shader parameter in object 'Fspot07'
WARNING: undefined shader parameter: LightDiffuse
WARNING: invalid shader parameter in object 'Fspot08'
WARNING: undefined shader parameter: LightSpecular
WARNING: invalid shader parameter in object 'Fspot08'
WARNING: undefined shader parameter: LightAmbient
WARNING: invalid shader parameter in object 'Fspot08'
WARNING: undefined shader parameter: LightDiffuse
WARNING: invalid shader parameter in object 'Fspot09'
WARNING: undefined shader parameter: LightSpecular
WARNING: invalid shader parameter in object 'Fspot09'
WARNING: undefined shader parameter: LightAmbient
WARNING: invalid shader parameter in object 'Fspot09'
WARNING: undefined shader parameter: LightDiffuse
WARNING: invalid shader parameter in object 'Fspot10'
WARNING: undefined shader parameter: LightSpecular
WARNING: invalid shader parameter in object 'Fspot10'
WARNING: undefined shader parameter: LightAmbient
WARNING: invalid shader parameter in object 'Fspot10'
WARNING: undefined shader parameter: LightDiffuse
WARNING: invalid shader parameter in object 'Sky01'
WARNING: undefined shader parameter: LightSpecular
WARNING: invalid shader parameter in object 'Sky01'
WARNING: undefined shader parameter: LightAmbient
WARNING: invalid shader parameter in object 'Sky01'
+loadMeshShape: 0.024834
+loadMoppCode: 0.025906
Message from server: warning! CarBodyDetail::OnActivate (cars/Car60). Detail is not found (cars/Car60/shadow_plane)
+loadMeshShape: 0.019030
+loadMoppCode: 0.020296
+loadMeshShape: 0.014417
+loadMoppCode: 0.015208
Message from server: warning! CarBodyDetail::OnActivate (cars/Car60). Detail is not found (cars/Car60/shadow_plane)
+loadMeshShape: 0.012771
+loadMoppCode: 0.013541
Message from server: warning! CarBodyDetail::OnActivate (cars/vaz2114v2_by_heisenberg). Detail is not found (cars/vaz2114v2_by_heisenberg/learner)
Message from server: warning! CarBodyDetail::OnActivate (cars/vaz2114v2_by_heisenberg). Detail is not found (cars/vaz2114v2_by_heisenberg/beginner)
LoadLuaScript: data:scripts.lua/plugins/InitPager.lua
LuaCmd: scriptPath - data:scripts.lua/plugins/InitPager.lua, cmd -InitPager
LoadLuaScript: data:scripts.lua/plugins/rulesControl.lua
LuaCmd: scriptPath - data:scripts.lua/plugins/rulesControl.lua, cmd -InitRules
LoadLuaScript: data:scripts.lua/plugins/satisfactionControl.lua
Message from server: warning! CarBodyDetail::OnActivate (cars/Car50). Detail is not found (cars/Car50/shadow_plane)
Message from server: warning! CarBodyDetail::OnActivate (cars/Car41). Detail is not found (cars/Car41/shadow_plane)
WARNING: undefined shader parameter: AlphaBlend
WARNING: undefined shader parameter: NoBlend
WARNING: undefined shader parameter: NoDepthStencil
WARNING: undefined shader parameter: Solid
WARNING: undefined shader parameter: SolidLine
WARNING: undefined shader parameter: Wireframe
Message from server: warning! CarBodyDetail::OnActivate (cars/Car41). Detail is not found (cars/Car41/shadow_plane)
Message from server: warning! CarBodyDetail::OnActivate (cars/Car41). Detail is not found (cars/Car41/shadow_plane)
(216230757) Message 16 ignored because it is duplicate!
_luaClose
_luaOpen
LoadLuaScript: export:scripts/missions/bit.lua
LoadLuaScript: export:scripts/missions/common.lua
Removing network cars+loadMeshShape: 0.010685
+loadMoppCode: 0.011429
WARNING: undefined shader parameter: LightDiffuse
WARNING: invalid shader parameter in object 'Sky01'
WARNING: undefined shader parameter: LightSpecular
WARNING: invalid shader parameter in object 'Sky01'
WARNING: undefined shader parameter: LightAmbient
WARNING: invalid shader parameter in object 'Sky01'
+loadMeshShape: 0.010029
+loadMoppCode: 0.010563
+loadMeshShape: 0.016954
+loadMoppCode: 0.018165
+loadMeshShape: 0.027624
+loadMoppCode: 0.029575
WARNING: undefined shader parameter: LightDiffuse
WARNING: invalid shader parameter in object 'Omni01'
WARNING: undefined shader parameter: LightSpecular
WARNING: invalid shader parameter in object 'Omni01'
WARNING: undefined shader parameter: LightAmbient
WARNING: invalid shader parameter in object 'Omni01'
WARNING: undefined shader parameter: LightDiffuse
WARNING: invalid shader parameter in object 'Omni02'
WARNING: undefined shader parameter: LightSpecular
WARNING: invalid shader parameter in object 'Omni02'
WARNING: undefined shader parameter: LightAmbient
WARNING: invalid shader parameter in object 'Omni02'
WARNING: undefined shader parameter: LightDiffuse
WARNING: invalid shader parameter in object 'Sky01'
WARNING: undefined shader parameter: LightSpecular
WARNING: invalid shader parameter in object 'Sky01'
WARNING: undefined shader parameter: LightAmbient
WARNING: invalid shader parameter in object 'Sky01'
WARNING: undefined shader parameter: LightDiffuse
WARNING: invalid shader parameter in object 'Fspot01'
WARNING: undefined shader parameter: LightSpecular
WARNING: invalid shader parameter in object 'Fspot01'
WARNING: undefined shader parameter: LightAmbient
WARNING: invalid shader parameter in object 'Fspot01'
WARNING: undefined shader parameter: LightDiffuse
WARNING: invalid shader parameter in object 'Fspot02'
WARNING: undefined shader parameter: LightSpecular
WARNING: invalid shader parameter in object 'Fspot02'
WARNING: undefined shader parameter: LightAmbient
WARNING: invalid shader parameter in object 'Fspot02'
WARNING: undefined shader parameter: LightDiffuse
WARNING: invalid shader parameter in object 'Fspot03'
WARNING: undefined shader parameter: LightSpecular
WARNING: invalid shader parameter in object 'Fspot03'
WARNING: undefined shader parameter: LightAmbient
WARNING: invalid shader parameter in object 'Fspot03'
WARNING: undefined shader parameter: LightDiffuse
WARNING: invalid shader parameter in object 'Fspot04'
WARNING: undefined shader parameter: LightSpecular
WARNING: invalid shader parameter in object 'Fspot04'
WARNING: undefined shader parameter: LightAmbient
WARNING: invalid shader parameter in object 'Fspot04'
WARNING: undefined shader parameter: LightDiffuse
WARNING: invalid shader parameter in object 'Fspot05'
WARNING: undefined shader parameter: LightSpecular
WARNING: invalid shader parameter in object 'Fspot05'
WARNING: undefined shader parameter: LightAmbient
WARNING: invalid shader parameter in object 'Fspot05'
WARNING: undefined shader parameter: LightDiffuse
WARNING: invalid shader parameter in object 'Fspot06'
WARNING: undefined shader parameter: LightSpecular
WARNING: invalid shader parameter in object 'Fspot06'
WARNING: undefined shader parameter: LightAmbient
WARNING: invalid shader parameter in object 'Fspot06'
WARNING: undefined shader parameter: LightDiffuse
WARNING: invalid shader parameter in object 'Fspot07'
WARNING: undefined shader parameter: LightSpecular
WARNING: invalid shader parameter in object 'Fspot07'
WARNING: undefined shader parameter: LightAmbient
WARNING: invalid shader parameter in object 'Fspot07'
WARNING: undefined shader parameter: LightDiffuse
WARNING: invalid shader parameter in object 'Fspot08'
WARNING: undefined shader parameter: LightSpecular
WARNING: invalid shader parameter in object 'Fspot08'
WARNING: undefined shader parameter: LightAmbient
WARNING: invalid shader parameter in object 'Fspot08'
WARNING: undefined shader parameter: LightDiffuse
WARNING: invalid shader parameter in object 'Fspot09'
WARNING: undefined shader parameter: LightSpecular
WARNING: invalid shader parameter in object 'Fspot09'
WARNING: undefined shader parameter: LightAmbient
WARNING: invalid shader parameter in object 'Fspot09'
WARNING: undefined shader parameter: LightDiffuse
WARNING: invalid shader parameter in object 'Fspot10'
WARNING: undefined shader parameter: LightSpecular
WARNING: invalid shader parameter in object 'Fspot10'
WARNING: undefined shader parameter: LightAmbient
WARNING: invalid shader parameter in object 'Fspot10'
WARNING: undefined shader parameter: LightDiffuse
WARNING: invalid shader parameter in object 'Sky01'
WARNING: undefined shader parameter: LightSpecular
WARNING: invalid shader parameter in object 'Sky01'
WARNING: undefined shader parameter: LightAmbient
WARNING: invalid shader parameter in object 'Sky01'
WARNING: undefined shader parameter: LightDiffuse
WARNING: invalid shader parameter in object 'Fspot01'
WARNING: undefined shader parameter: LightSpecular
WARNING: invalid shader parameter in object 'Fspot01'
WARNING: undefined shader parameter: LightAmbient
WARNING: invalid shader parameter in object 'Fspot01'
WARNING: undefined shader parameter: LightDiffuse
WARNING: invalid shader parameter in object 'Fspot02'
WARNING: undefined shader parameter: LightSpecular
WARNING: invalid shader parameter in object 'Fspot02'
WARNING: undefined shader parameter: LightAmbient
WARNING: invalid shader parameter in object 'Fspot02'
WARNING: undefined shader parameter: LightDiffuse
WARNING: invalid shader parameter in object 'Fspot03'
WARNING: undefined shader parameter: LightSpecular
WARNING: invalid shader parameter in object 'Fspot03'
WARNING: undefined shader parameter: LightAmbient
WARNING: invalid shader parameter in object 'Fspot03'
WARNING: undefined shader parameter: LightDiffuse
WARNING: invalid shader parameter in object 'Fspot04'
WARNING: undefined shader parameter: LightSpecular
WARNING: invalid shader parameter in object 'Fspot04'
WARNING: undefined shader parameter: LightAmbient
WARNING: invalid shader parameter in object 'Fspot04'
WARNING: undefined shader parameter: LightDiffuse
WARNING: invalid shader parameter in object 'Fspot05'
WARNING: undefined shader parameter: LightSpecular
WARNING: invalid shader parameter in object 'Fspot05'
WARNING: undefined shader parameter: LightAmbient
WARNING: invalid shader parameter in object 'Fspot05'
WARNING: undefined shader parameter: LightDiffuse
WARNING: invalid shader parameter in object 'Fspot06'
WARNING: undefined shader parameter: LightSpecular
WARNING: invalid shader parameter in object 'Fspot06'
WARNING: undefined shader parameter: LightAmbient
WARNING: invalid shader parameter in object 'Fspot06'
WARNING: undefined shader parameter: LightDiffuse
WARNING: invalid shader parameter in object 'Fspot07'
WARNING: undefined shader parameter: LightSpecular
WARNING: invalid shader parameter in object 'Fspot07'
WARNING: undefined shader parameter: LightAmbient
WARNING: invalid shader parameter in object 'Fspot07'
WARNING: undefined shader parameter: LightDiffuse
WARNING: invalid shader parameter in object 'Fspot08'
WARNING: undefined shader parameter: LightSpecular
WARNING: invalid shader parameter in object 'Fspot08'
WARNING: undefined shader parameter: LightAmbient
WARNING: invalid shader parameter in object 'Fspot08'
WARNING: undefined shader parameter: LightDiffuse
WARNING: invalid shader parameter in object 'Fspot09'
WARNING: undefined shader parameter: LightSpecular
WARNING: invalid shader parameter in object 'Fspot09'
WARNING: undefined shader parameter: LightAmbient
WARNING: invalid shader parameter in object 'Fspot09'
WARNING: undefined shader parameter: LightDiffuse
WARNING: invalid shader parameter in object 'Fspot10'
WARNING: undefined shader parameter: LightSpecular
WARNING: invalid shader parameter in object 'Fspot10'
WARNING: undefined shader parameter: LightAmbient
WARNING: invalid shader parameter in object 'Fspot10'
WARNING: undefined shader parameter: LightDiffuse
WARNING: invalid shader parameter in object 'Sky01'
WARNING: undefined shader parameter: LightSpecular
WARNING: invalid shader parameter in object 'Sky01'
WARNING: undefined shader parameter: LightAmbient
WARNING: invalid shader parameter in object 'Sky01'
WARNING: undefined shader parameter: LightDiffuse
WARNING: invalid shader parameter in object 'Fspot01'
WARNING: undefined shader parameter: LightSpecular
WARNING: invalid shader parameter in object 'Fspot01'
WARNING: undefined shader parameter: LightAmbient
WARNING: invalid shader parameter in object 'Fspot01'
WARNING: undefined shader parameter: LightDiffuse
WARNING: invalid shader parameter in object 'Fspot02'
WARNING: undefined shader parameter: LightSpecular
WARNING: invalid shader parameter in object 'Fspot02'
WARNING: undefined shader parameter: LightAmbient
WARNING: invalid shader parameter in object 'Fspot02'
WARNING: undefined shader parameter: LightDiffuse
WARNING: invalid shader parameter in object 'Fspot03'
WARNING: undefined shader parameter: LightSpecular
WARNING: invalid shader parameter in object 'Fspot03'
WARNING: undefined shader parameter: LightAmbient
WARNING: invalid shader parameter in object 'Fspot03'
WARNING: undefined shader parameter: LightDiffuse
WARNING: invalid shader parameter in object 'Fspot04'
WARNING: undefined shader parameter: LightSpecular
WARNING: invalid shader parameter in object 'Fspot04'
WARNING: undefined shader parameter: LightAmbient
WARNING: invalid shader parameter in object 'Fspot04'
WARNING: undefined shader parameter: LightDiffuse
WARNING: invalid shader parameter in object 'Fspot05'
WARNING: undefined shader parameter: LightSpecular
WARNING: invalid shader parameter in object 'Fspot05'
WARNING: undefined shader parameter: LightAmbient
WARNING: invalid shader parameter in object 'Fspot05'
WARNING: undefined shader parameter: LightDiffuse
WARNING: invalid shader parameter in object 'Fspot06'
WARNING: undefined shader parameter: LightSpecular
WARNING: invalid shader parameter in object 'Fspot06'
WARNING: undefined shader parameter: LightAmbient
WARNING: invalid shader parameter in object 'Fspot06'
WARNING: undefined shader parameter: LightDiffuse
WARNING: invalid shader parameter in object 'Fspot07'
WARNING: undefined shader parameter: LightSpecular
WARNING: invalid shader parameter in object 'Fspot07'
WARNING: undefined shader parameter: LightAmbient
WARNING: invalid shader parameter in object 'Fspot07'
WARNING: undefined shader parameter: LightDiffuse
WARNING: invalid shader parameter in object 'Fspot08'
WARNING: undefined shader parameter: LightSpecular
WARNING: invalid shader parameter in object 'Fspot08'
WARNING: undefined shader parameter: LightAmbient
WARNING: invalid shader parameter in object 'Fspot08'
WARNING: undefined shader parameter: LightDiffuse
WARNING: invalid shader parameter in object 'Fspot09'
WARNING: undefined shader parameter: LightSpecular
WARNING: invalid shader parameter in object 'Fspot09'
WARNING: undefined shader parameter: LightAmbient
WARNING: invalid shader parameter in object 'Fspot09'
WARNING: undefined shader parameter: LightDiffuse
WARNING: invalid shader parameter in object 'Fspot10'
WARNING: undefined shader parameter: LightSpecular
WARNING: invalid shader parameter in object 'Fspot10'
WARNING: undefined shader parameter: LightAmbient
WARNING: invalid shader parameter in object 'Fspot10'
WARNING: undefined shader parameter: LightDiffuse
WARNING: invalid shader parameter in object 'Sky01'
WARNING: undefined shader parameter: LightSpecular
WARNING: invalid shader parameter in object 'Sky01'
WARNING: undefined shader parameter: LightAmbient
WARNING: invalid shader parameter in object 'Sky01'
WARNING: undefined shader parameter: LightDiffuse
WARNING: invalid shader parameter in object 'Fspot01'
WARNING: undefined shader parameter: LightSpecular
WARNING: invalid shader parameter in object 'Fspot01'
WARNING: undefined shader parameter: LightAmbient
WARNING: invalid shader parameter in object 'Fspot01'
WARNING: undefined shader parameter: LightDiffuse
WARNING: invalid shader parameter in object 'Fspot02'
WARNING: undefined shader parameter: LightSpecular
WARNING: invalid shader parameter in object 'Fspot02'
WARNING: undefined shader parameter: LightAmbient
WARNING: invalid shader parameter in object 'Fspot02'
WARNING: undefined shader parameter: LightDiffuse
WARNING: invalid shader parameter in object 'Fspot03'
WARNING: undefined shader parameter: LightSpecular
WARNING: invalid shader parameter in object 'Fspot03'
WARNING: undefined shader parameter: LightAmbient
WARNING: invalid shader parameter in object 'Fspot03'
WARNING: undefined shader parameter: LightDiffuse
WARNING: invalid shader parameter in object 'Fspot04'
WARNING: undefined shader parameter: LightSpecular
WARNING: invalid shader parameter in object 'Fspot04'
WARNING: undefined shader parameter: LightAmbient
WARNING: invalid shader parameter in object 'Fspot04'
WARNING: undefined shader parameter: LightDiffuse
WARNING: invalid shader parameter in object 'Fspot05'
WARNING: undefined shader parameter: LightSpecular
WARNING: invalid shader parameter in object 'Fspot05'
WARNING: undefined shader parameter: LightAmbient
WARNING: invalid shader parameter in object 'Fspot05'
WARNING: undefined shader parameter: LightDiffuse
WARNING: invalid shader parameter in object 'Fspot06'
WARNING: undefined shader parameter: LightSpecular
WARNING: invalid shader parameter in object 'Fspot06'
WARNING: undefined shader parameter: LightAmbient
WARNING: invalid shader parameter in object 'Fspot06'
WARNING: undefined shader parameter: LightDiffuse
WARNING: invalid shader parameter in object 'Fspot07'
WARNING: undefined shader parameter: LightSpecular
WARNING: invalid shader parameter in object 'Fspot07'
WARNING: undefined shader parameter: LightAmbient
WARNING: invalid shader parameter in object 'Fspot07'
WARNING: undefined shader parameter: LightDiffuse
WARNING: invalid shader parameter in object 'Fspot08'
WARNING: undefined shader parameter: LightSpecular
WARNING: invalid shader parameter in object 'Fspot08'
WARNING: undefined shader parameter: LightAmbient
WARNING: invalid shader parameter in object 'Fspot08'
WARNING: undefined shader parameter: LightDiffuse
WARNING: invalid shader parameter in object 'Fspot09'
WARNING: undefined shader parameter: LightSpecular
WARNING: invalid shader parameter in object 'Fspot09'
WARNING: undefined shader parameter: LightAmbient
WARNING: invalid shader parameter in object 'Fspot09'
WARNING: undefined shader parameter: LightDiffuse
WARNING: invalid shader parameter in object 'Fspot10'
WARNING: undefined shader parameter: LightSpecular
WARNING: invalid shader parameter in object 'Fspot10'
WARNING: undefined shader parameter: LightAmbient
WARNING: invalid shader parameter in object 'Fspot10'
WARNING: undefined shader parameter: LightDiffuse
WARNING: invalid shader parameter in object 'Sky01'
WARNING: undefined shader parameter: LightSpecular
WARNING: invalid shader parameter in object 'Sky01'
WARNING: undefined shader parameter: LightAmbient
WARNING: invalid shader parameter in object 'Sky01'
+loadMeshShape: 0.025293
+loadMoppCode: 0.026611
Message from server: warning! CarBodyDetail::OnActivate (cars/Car60). Detail is not found (cars/Car60/shadow_plane)
+loadMeshShape: 0.019351
+loadMoppCode: 0.020785
+loadMeshShape: 0.014285
+loadMoppCode: 0.015147
Message from server: warning! CarBodyDetail::OnActivate (cars/Car60). Detail is not found (cars/Car60/shadow_plane)
+loadMeshShape: 0.012867
+loadMoppCode: 0.013751
Message from server: warning! CarBodyDetail::OnActivate (cars/matiz_by_heisenberg). Detail is not found (cars/matiz_by_heisenberg/learner)
Message from server: warning! CarBodyDetail::OnActivate (cars/matiz_by_heisenberg). Detail is not found (cars/matiz_by_heisenberg/beginner)
LoadLuaScript: data:scripts.lua/plugins/InitPager.lua
LuaCmd: scriptPath - data:scripts.lua/plugins/InitPager.lua, cmd -InitPager
LoadLuaScript: data:scripts.lua/plugins/rulesControl.lua
LuaCmd: scriptPath - data:scripts.lua/plugins/rulesControl.lua, cmd -InitRules
LoadLuaScript: data:scripts.lua/plugins/satisfactionControl.lua
Message from server: warning! CarBodyDetail::OnActivate (cars/Car50). Detail is not found (cars/Car50/shadow_plane)
Message from server: warning! CarBodyDetail::OnActivate (cars/Car41). Detail is not found (cars/Car41/shadow_plane)
Message from server: warning! CarBodyDetail::OnActivate (cars/Car41). Detail is not found (cars/Car41/shadow_plane)
WARNING: undefined shader parameter: AnisotropicSampler
WARNING: undefined shader parameter: PointSampler
WARNING: undefined shader parameter: ShadowMapSampler
WARNING: undefined shader parameter: LightmapSampler
WARNING: undefined shader parameter: BumpSampler
WARNING: undefined shader parameter: ClampSampler
WARNING: undefined shader parameter: dssDepthNoStencil
WARNING: undefined shader parameter: dssDepthInvNoStencil
WARNING: undefined shader parameter: dssNoDepthNoStencil
WARNING: undefined shader parameter: dssDepthNoWriteNoStencil
WARNING: undefined shader parameter: dssDepthInvNoWriteNoStencil
WARNING: undefined shader parameter: rsCullFront
WARNING: undefined shader parameter: rsCullFrontDB
WARNING: undefined shader parameter: rsCullFrontWireframe
WARNING: undefined shader parameter: rsCullNone
WARNING: undefined shader parameter: rsCullBack
WARNING: undefined shader parameter: bsNoBlend
WARNING: undefined shader parameter: bsNoBlendRGB
WARNING: undefined shader parameter: bsAlphaBlend
WARNING: undefined shader parameter: bsAlphaBlendRGB
WARNING: undefined shader parameter: bsAlphaBlendCompose
WARNING: undefined shader parameter: bsRedOnly
WARNING: undefined shader parameter: bsNoColor
WARNING: undefined shader parameter: bsCompose
WARNING: undefined shader parameter: bsMax
Message from server: warning! CarBodyDetail::OnActivate (cars/Car41). Detail is not found (cars/Car41/shadow_plane)
_luaClose
_luaOpen
LoadLuaScript: export:scripts/missions/bit.lua
LoadLuaScript: export:scripts/missions/common.lua
Removing network cars_luaClose
nSQLite3Database::UnloadResource: sqlite3_close is called
nD3D11Server::DestroyDevices()
